  Controller.cpp
f:\_cpp\quizbiz\quizbiz\controller.cpp(17): warning C4018: '<' : incompatibilité signed/unsigned
  Model.cpp
c:\program files (x86)\microsoft visual studio\2017\community\vc\tools\msvc\14.16.27023\include\xmemory0(879): error C2259: 'Question' : impossible d'instancier une classe abstraite
  c:\program files (x86)\microsoft visual studio\2017\community\vc\tools\msvc\14.16.27023\include\xmemory0(879): note: à cause des membres suivants :
  c:\program files (x86)\microsoft visual studio\2017\community\vc\tools\msvc\14.16.27023\include\xmemory0(879): note: 'void Question::affichageInstruction(void)' : est abstrait
  f:\_cpp\quizbiz\quizbiz\question.h(11): note: voir la déclaration de 'Question::affichageInstruction'
  c:\program files (x86)\microsoft visual studio\2017\community\vc\tools\msvc\14.16.27023\include\xmemory(163): note: voir la référence à l'instanciation de la fonction modèle 'void std::_Default_allocator_traits<_Alloc>::construct<_Ty,_Ty&>(_Alloc &,_Objty *const ,_Ty &)' en cours de compilation
          with
          [
              _Alloc=std::allocator<Question>,
              _Ty=Question,
              _Objty=Question
          ]
  c:\program files (x86)\microsoft visual studio\2017\community\vc\tools\msvc\14.16.27023\include\xmemory(164): note: voir la référence à l'instanciation de la fonction modèle 'void std::_Default_allocator_traits<_Alloc>::construct<_Ty,_Ty&>(_Alloc &,_Objty *const ,_Ty &)' en cours de compilation
          with
          [
              _Alloc=std::allocator<Question>,
              _Ty=Question,
              _Objty=Question
          ]
  c:\program files (x86)\microsoft visual studio\2017\community\vc\tools\msvc\14.16.27023\include\xmemory(190): note: voir la référence à l'instanciation de la fonction modèle 'void std::_Uninitialized_backout_al<_FwdIt,_Alloc>::_Emplace_back<_Ty&>(_Ty &)' en cours de compilation
          with
          [
              _FwdIt=Question *,
              _Alloc=std::allocator<Question>,
              _Ty=Question
          ]
  c:\program files (x86)\microsoft visual studio\2017\community\vc\tools\msvc\14.16.27023\include\xmemory(190): note: voir la référence à l'instanciation de la fonction modèle 'void std::_Uninitialized_backout_al<_FwdIt,_Alloc>::_Emplace_back<_Ty&>(_Ty &)' en cours de compilation
          with
          [
              _FwdIt=Question *,
              _Alloc=std::allocator<Question>,
              _Ty=Question
          ]
  c:\program files (x86)\microsoft visual studio\2017\community\vc\tools\msvc\14.16.27023\include\xmemory(217): note: voir la référence à l'instanciation de la fonction modèle '_FwdIt std::_Uninitialized_copy_al_unchecked<_Ty*,_Ty*,_Alloc>(_InIt,const _InIt,const _FwdIt,_Alloc &,std::_General_ptr_iterator_tag,std::_Any_tag)' en cours de compilation
          with
          [
              _FwdIt=Question *,
              _Ty=Question,
              _Alloc=std::allocator<Question>,
              _InIt=Question *
          ]
  c:\program files (x86)\microsoft visual studio\2017\community\vc\tools\msvc\14.16.27023\include\vector(1823): note: voir la référence à l'instanciation de la fonction modèle '_FwdIt *std::_Uninitialized_copy<_Iter,Question*,std::allocator<_Ty>>(const _InIt,const _InIt,_FwdIt,_Alloc &)' en cours de compilation
          with
          [
              _FwdIt=Question *,
              _Iter=Question *,
              _Ty=Question,
              _InIt=Question *,
              _Alloc=std::allocator<Question>
          ]
  c:\program files (x86)\microsoft visual studio\2017\community\vc\tools\msvc\14.16.27023\include\vector(738): note: voir la référence à l'instanciation de la fonction modèle 'Question *std::vector<Question,std::allocator<_Ty>>::_Ucopy<Question*>(_Iter,_Iter,Question *)' en cours de compilation
          with
          [
              _Ty=Question,
              _Iter=Question *
          ]
  c:\program files (x86)\microsoft visual studio\2017\community\vc\tools\msvc\14.16.27023\include\vector(738): note: voir la référence à l'instanciation de la fonction modèle 'Question *std::vector<Question,std::allocator<_Ty>>::_Ucopy<Question*>(_Iter,_Iter,Question *)' en cours de compilation
          with
          [
              _Ty=Question,
              _Iter=Question *
          ]
  c:\program files (x86)\microsoft visual studio\2017\community\vc\tools\msvc\14.16.27023\include\vector(732): note: pendant la compilation de la fonction membre '<Inconnu>' (classe <Inconnu>)
  f:\_cpp\quizbiz\quizbiz\model.cpp(10): note: voir la référence à l'instanciation de la fonction modèle 'std::vector<Question,std::allocator<_Ty>>::vector(const std::vector<_Ty,std::allocator<_Ty>> &)' en cours de compilation
          with
          [
              _Ty=Question
          ]
  f:\_cpp\quizbiz\quizbiz\model.cpp(9): note: voir la référence à l'instanciation de classe modèle 'std::vector<Question,std::allocator<_Ty>>' en cours de compilation
          with
          [
              _Ty=Question
          ]
  QuestionsDB.cpp
f:\_cpp\quizbiz\quizbiz\questionchoixrep.h(18): warning C4018: '<' : incompatibilité signed/unsigned
c:\program files (x86)\microsoft visual studio\2017\community\vc\tools\msvc\14.16.27023\include\xmemory0(879): error C2259: 'Question' : impossible d'instancier une classe abstraite
  c:\program files (x86)\microsoft visual studio\2017\community\vc\tools\msvc\14.16.27023\include\xmemory0(879): note: à cause des membres suivants :
  c:\program files (x86)\microsoft visual studio\2017\community\vc\tools\msvc\14.16.27023\include\xmemory0(879): note: 'void Question::affichageInstruction(void)' : est abstrait
  f:\_cpp\quizbiz\quizbiz\question.h(11): note: voir la déclaration de 'Question::affichageInstruction'
  c:\program files (x86)\microsoft visual studio\2017\community\vc\tools\msvc\14.16.27023\include\vector(900): note: voir la référence à l'instanciation de la fonction modèle 'void std::_Default_allocator_traits<_Alloc>::construct<_Ty,_Ty>(_Alloc &,_Objty *const ,_Ty &&)' en cours de compilation
          with
          [
              _Alloc=std::allocator<Question>,
              _Ty=Question,
              _Objty=Question
          ]
  c:\program files (x86)\microsoft visual studio\2017\community\vc\tools\msvc\14.16.27023\include\vector(902): note: voir la référence à l'instanciation de la fonction modèle 'void std::_Default_allocator_traits<_Alloc>::construct<_Ty,_Ty>(_Alloc &,_Objty *const ,_Ty &&)' en cours de compilation
          with
          [
              _Alloc=std::allocator<Question>,
              _Ty=Question,
              _Objty=Question
          ]
  c:\program files (x86)\microsoft visual studio\2017\community\vc\tools\msvc\14.16.27023\include\vector(916): note: voir la référence à l'instanciation de la fonction modèle 'void std::vector<Question,std::allocator<_Ty>>::_Emplace_back_with_unused_capacity<_Ty>(_Ty &&)' en cours de compilation
          with
          [
              _Ty=Question
          ]
  c:\program files (x86)\microsoft visual studio\2017\community\vc\tools\msvc\14.16.27023\include\vector(937): note: voir la référence à l'instanciation de la fonction modèle 'void std::vector<Question,std::allocator<_Ty>>::emplace_back<Question>(Question &&)' en cours de compilation
          with
          [
              _Ty=Question
          ]
  c:\program files (x86)\microsoft visual studio\2017\community\vc\tools\msvc\14.16.27023\include\vector(936): note: pendant la compilation de la fonction membre '<Inconnu>' (classe <Inconnu>)
  f:\_cpp\quizbiz\quizbiz\questionsdb.cpp(15): note: voir la référence à l'instanciation de la fonction modèle 'void std::vector<Question,std::allocator<_Ty>>::push_back(_Ty &&)' en cours de compilation
          with
          [
              _Ty=Question
          ]
  f:\_cpp\quizbiz\quizbiz\questionsdb.h(21): note: voir la référence à l'instanciation de classe modèle 'std::vector<Question,std::allocator<_Ty>>' en cours de compilation
          with
          [
              _Ty=Question
          ]
  Génération de code en cours...
